{"C:\\Workplace\\Personal\\PlayGround\\jest-course-playground\\calculator.js": {"path":"C:\\Workplace\\Personal\\PlayGround\\jest-course-playground\\calculator.js","statementMap":{"0":{"start":{"line":1,"column":23},"end":{"line":12,"column":2}},"1":{"start":{"line":3,"column":8},"end":{"line":3,"column":21}},"2":{"start":{"line":7,"column":8},"end":{"line":7,"column":21}},"3":{"start":{"line":10,"column":8},"end":{"line":10,"column":20}},"4":{"start":{"line":13,"column":3},"end":{"line":13,"column":34}}},"fnMap":{"0":{"name":"(anonymous_0)","decl":{"start":{"line":2,"column":9},"end":{"line":2,"column":10}},"loc":{"start":{"line":2,"column":23},"end":{"line":4,"column":5}},"line":2},"1":{"name":"(anonymous_1)","decl":{"start":{"line":6,"column":10},"end":{"line":6,"column":11}},"loc":{"start":{"line":6,"column":24},"end":{"line":8,"column":5}},"line":6},"2":{"name":"(anonymous_2)","decl":{"start":{"line":9,"column":13},"end":{"line":9,"column":14}},"loc":{"start":{"line":9,"column":27},"end":{"line":11,"column":5}},"line":9}},"branchMap":{},"s":{"0":1,"1":1,"2":1,"3":1,"4":1},"f":{"0":1,"1":1,"2":1},"b":{},"_coverageSchema":"1a1c01bbd47fc00a2c39e90264f33305004495a9","hash":"b6cd0dd0b3da77a20dbcd50c4bb5f451a15342f7"}
,"C:\\Workplace\\Personal\\PlayGround\\jest-course-playground\\multiply.js": {"path":"C:\\Workplace\\Personal\\PlayGround\\jest-course-playground\\multiply.js","statementMap":{"0":{"start":{"line":3,"column":4},"end":{"line":3,"column":15}},"1":{"start":{"line":6,"column":0},"end":{"line":6,"column":32}}},"fnMap":{"0":{"name":"multiplyTwoNum","decl":{"start":{"line":2,"column":9},"end":{"line":2,"column":23}},"loc":{"start":{"line":2,"column":28},"end":{"line":4,"column":1}},"line":2}},"branchMap":{},"s":{"0":0,"1":0},"f":{"0":0},"b":{}}
}
